<?xml version="1.0" encoding="UTF-8"?>
<!-- Generated by org.testng.reporters.JUnitReportReporter -->
<testsuite hostname="FILT111" failures="0" tests="3" name="Backend_TestCases.Dashboard" time="76.805" errors="0" timestamp="2023-09-03T17:54:30 IST" skipped="0">
  <testcase classname="Backend_TestCases.Dashboard" name="changeLanguage" time="8.927"/>
  <testcase classname="Backend_TestCases.Dashboard" name="bulkEmployeeDownload" time="67.271"/>
  <testcase classname="Backend_TestCases.Dashboard" name="dashboard" time="0.607"/>
</testsuite> <!-- Backend_TestCases.Dashboard -->
