<?xml version="1.0" encoding="UTF-8"?>
<!-- Generated by org.testng.reporters.JUnitReportReporter -->
<testsuite hostname="FIPC-101" failures="0" tests="2" name="Backend_TestCases.ManageDivision" time="68.913" errors="0" timestamp="2023-10-07T17:20:53 IST" skipped="0">
  <testcase classname="Backend_TestCases.ManageDivision" name="editDivision" time="55.007"/>
  <testcase classname="Backend_TestCases.ManageDivision" name="openManageDivision" time="13.906"/>
</testsuite> <!-- Backend_TestCases.ManageDivision -->
