<?xml version="1.0" encoding="UTF-8"?>
<!-- Generated by org.testng.reporters.JUnitReportReporter -->
<testsuite hostname="DESKTOP-2T4V8L2" failures="0" tests="2" name="Backend_TestCases.Login" time="51.059" errors="0" timestamp="2023-10-03T04:51:00 IST" skipped="0">
  <testcase classname="Backend_TestCases.Login" name="login" time="22.461"/>
  <testcase classname="Backend_TestCases.Login" name="selectCompany" time="28.598"/>
</testsuite> <!-- Backend_TestCases.Login -->
