<?xml version="1.0" encoding="UTF-8"?>
<!-- Generated by org.testng.reporters.JUnitReportReporter -->
<testsuite hostname="DESKTOP-2T4V8L2" failures="0" tests="2" name="Backend_TestCases.Login" time="18.832" errors="0" timestamp="2023-09-28T03:59:45 IST" skipped="0">
  <testcase classname="Backend_TestCases.Login" name="login" time="9.331"/>
  <testcase classname="Backend_TestCases.Login" name="selectCompany" time="9.501"/>
</testsuite> <!-- Backend_TestCases.Login -->
