<?xml version="1.0" encoding="UTF-8"?>
<!-- Generated by org.testng.reporters.JUnitReportReporter -->
<testsuite hostname="DESKTOP-2T4V8L2" failures="0" tests="3" name="Backend_TestCases.ManageLocation" time="57.333" errors="0" timestamp="2023-10-13T02:20:29 IST" skipped="0">
  <testcase classname="Backend_TestCases.ManageLocation" name="validateManageLocation" time="0.629"/>
  <testcase classname="Backend_TestCases.ManageLocation" name="addLocation" time="41.641"/>
  <testcase classname="Backend_TestCases.ManageLocation" name="openManageLocation" time="15.063"/>
</testsuite> <!-- Backend_TestCases.ManageLocation -->
