<?xml version="1.0" encoding="UTF-8"?>
<!-- Generated by org.testng.reporters.JUnitReportReporter -->
<testsuite hostname="DESKTOP-2T4V8L2" failures="0" tests="1" name="Backend_TestCases.OpenBackend" time="15.222" errors="0" timestamp="2023-10-02T21:30:15 IST" skipped="0">
  <testcase classname="Backend_TestCases.OpenBackend" name="openBackend" time="15.222"/>
</testsuite> <!-- Backend_TestCases.OpenBackend -->
