<?xml version="1.0" encoding="UTF-8"?>
<!-- Generated by org.testng.reporters.JUnitReportReporter -->
<testsuite hostname="DESKTOP-2T4V8L2" failures="0" tests="2" name="Backend_TestCases.Login" time="50.669" errors="0" timestamp="2023-10-13T02:20:29 IST" skipped="0">
  <testcase classname="Backend_TestCases.Login" name="login" time="23.507"/>
  <testcase classname="Backend_TestCases.Login" name="selectCompany" time="27.162"/>
</testsuite> <!-- Backend_TestCases.Login -->
