<?xml version="1.0" encoding="UTF-8"?>
<!-- Generated by org.testng.reporters.JUnitReportReporter -->
<testsuite hostname="FIPC-101" failures="0" tests="2" name="Backend_TestCases.ManageDivision" time="37.740" errors="0" timestamp="2023-10-09T15:06:09 IST" skipped="0">
  <testcase classname="Backend_TestCases.ManageDivision" name="openManageDivision" time="13.988"/>
  <testcase classname="Backend_TestCases.ManageDivision" name="validateDeleteDivision" time="23.752"/>
</testsuite> <!-- Backend_TestCases.ManageDivision -->
