<?xml version="1.0" encoding="UTF-8"?>
<!-- Generated by org.testng.reporters.JUnitReportReporter -->
<testsuite hostname="FIPC-101" failures="0" tests="2" name="Backend_TestCases.ManageDivision" time="97.050" errors="0" timestamp="2023-10-10T17:02:53 IST" skipped="0">
  <testcase classname="Backend_TestCases.ManageDivision" name="openManageDivision" time="14.492"/>
  <testcase classname="Backend_TestCases.ManageDivision" name="validateMapLinks" time="82.558"/>
</testsuite> <!-- Backend_TestCases.ManageDivision -->
