<?xml version="1.0" encoding="UTF-8"?>
<!-- Generated by org.testng.reporters.JUnitReportReporter -->
<testsuite hostname="FIPC-101" failures="0" tests="2" name="Backend_TestCases.ManageCompanySetting" time="40.887" errors="0" timestamp="2023-09-28T14:45:29 IST" skipped="0">
  <testcase classname="Backend_TestCases.ManageCompanySetting" name="adminSetting" time="32.787"/>
  <testcase classname="Backend_TestCases.ManageCompanySetting" name="openManageCompanySetting" time="8.100"/>
</testsuite> <!-- Backend_TestCases.ManageCompanySetting -->
