<?xml version="1.0" encoding="UTF-8"?>
<!-- Generated by org.testng.reporters.JUnitReportReporter -->
<testsuite hostname="DESKTOP-2T4V8L2" failures="0" tests="2" name="Backend_TestCases.ManageCompanySetting" time="35.623" errors="0" timestamp="2023-09-28T07:57:30 IST" skipped="0">
  <testcase classname="Backend_TestCases.ManageCompanySetting" name="openManageCompanySetting" time="9.370"/>
  <testcase classname="Backend_TestCases.ManageCompanySetting" name="adminSetting" time="26.253"/>
</testsuite> <!-- Backend_TestCases.ManageCompanySetting -->
