<?xml version="1.0" encoding="UTF-8"?>
<!-- Generated by org.testng.reporters.JUnitReportReporter -->
<testsuite hostname="FIPC-101" failures="0" tests="2" name="Backend_TestCases.Login" time="45.934" errors="0" timestamp="2023-10-06T14:49:49 IST" skipped="0">
  <testcase classname="Backend_TestCases.Login" name="login" time="20.973"/>
  <testcase classname="Backend_TestCases.Login" name="selectCompany" time="24.961"/>
</testsuite> <!-- Backend_TestCases.Login -->
