<?xml version="1.0" encoding="UTF-8"?>
<!-- Generated by org.testng.reporters.JUnitReportReporter -->
<testsuite hostname="FIPC-101" failures="0" tests="2" name="Backend_TestCases.ManageCompany" time="29.913" errors="0" timestamp="2023-09-28T16:43:49 IST" skipped="0">
  <testcase classname="Backend_TestCases.ManageCompany" name="validateManageCompany" time="21.632"/>
  <testcase classname="Backend_TestCases.ManageCompany" name="openManageCompany" time="8.281"/>
</testsuite> <!-- Backend_TestCases.ManageCompany -->
