<?xml version="1.0" encoding="UTF-8"?>
<!-- Generated by org.testng.reporters.JUnitReportReporter -->
<testsuite hostname="FIPC-101" failures="0" tests="2" name="Backend_TestCases.Login" time="45.315" errors="0" timestamp="2023-10-04T18:36:50 IST" skipped="0">
  <testcase classname="Backend_TestCases.Login" name="login" time="21.245"/>
  <testcase classname="Backend_TestCases.Login" name="selectCompany" time="24.070"/>
</testsuite> <!-- Backend_TestCases.Login -->
