<?xml version="1.0" encoding="UTF-8"?>
<!-- Generated by org.testng.reporters.JUnitReportReporter -->
<testsuite hostname="FIPC-101" failures="0" tests="2" name="Backend_TestCases.ManageLicensee" time="662.976" errors="0" timestamp="2023-10-11T17:00:37 IST" skipped="0">
  <testcase classname="Backend_TestCases.ManageLicensee" name="openManageLicensee" time="14.547"/>
  <testcase classname="Backend_TestCases.ManageLicensee" name="createLicensee" time="648.429"/>
</testsuite> <!-- Backend_TestCases.ManageLicensee -->
