<?xml version="1.0" encoding="UTF-8"?>
<!-- Generated by org.testng.reporters.JUnitReportReporter -->
<testsuite hostname="FIPC-101" failures="0" tests="2" name="Backend_TestCases.Login" time="45.799" errors="0" timestamp="2023-10-10T17:42:50 IST" skipped="0">
  <testcase classname="Backend_TestCases.Login" name="login" time="21.631"/>
  <testcase classname="Backend_TestCases.Login" name="selectCompany" time="24.168"/>
</testsuite> <!-- Backend_TestCases.Login -->
