<?xml version="1.0" encoding="UTF-8"?>
<!-- Generated by org.testng.reporters.JUnitReportReporter -->
<testsuite hostname="DESKTOP-2T4V8L2" failures="0" tests="1" name="Backend_TestCases.OpenBackend" time="15.536" errors="0" timestamp="2023-10-03T03:38:12 IST" skipped="0">
  <testcase classname="Backend_TestCases.OpenBackend" name="openBackend" time="15.536"/>
</testsuite> <!-- Backend_TestCases.OpenBackend -->
