<?xml version="1.0" encoding="UTF-8"?>
<!-- Generated by org.testng.reporters.JUnitReportReporter -->
<testsuite hostname="FIPC-101" failures="0" tests="1" name="Backend_TestCases.OpenBackend" time="7.816" errors="0" timestamp="2023-10-10T17:42:50 IST" skipped="0">
  <testcase classname="Backend_TestCases.OpenBackend" name="openBackend" time="7.816"/>
</testsuite> <!-- Backend_TestCases.OpenBackend -->
