<?xml version="1.0" encoding="UTF-8"?>
<!-- Generated by org.testng.reporters.JUnitReportReporter -->
<testsuite hostname="DESKTOP-2T4V8L2" failures="0" tests="3" name="Backend_TestCases.ManageDepartment" time="44.887" errors="0" timestamp="2023-10-12T23:10:39 IST" skipped="0">
  <testcase classname="Backend_TestCases.ManageDepartment" name="deleteDepartment" time="14.694"/>
  <testcase classname="Backend_TestCases.ManageDepartment" name="openManageDepartment" time="14.997"/>
  <testcase classname="Backend_TestCases.ManageDepartment" name="changeDefaultDepartmentCompany" time="15.196"/>
</testsuite> <!-- Backend_TestCases.ManageDepartment -->
