<?xml version="1.0" encoding="UTF-8"?>
<!-- Generated by org.testng.reporters.JUnitReportReporter -->
<testsuite hostname="DESKTOP-2T4V8L2" failures="0" tests="2" name="Backend_TestCases.ManageCategory" time="22.673" errors="0" timestamp="2023-09-28T03:59:45 IST" skipped="0">
  <testcase classname="Backend_TestCases.ManageCategory" name="deleteCategory" time="8.437"/>
  <testcase classname="Backend_TestCases.ManageCategory" name="openManageCategory" time="14.236"/>
</testsuite> <!-- Backend_TestCases.ManageCategory -->
