<?xml version="1.0" encoding="UTF-8"?>
<!-- Generated by org.testng.reporters.JUnitReportReporter -->
<testsuite hostname="FIPC-101" failures="0" tests="3" name="Backend_TestCases.ManageDivision" time="63.760" errors="0" timestamp="2023-10-06T14:49:49 IST" skipped="0">
  <testcase classname="Backend_TestCases.ManageDivision" name="validateManageDivision" time="18.899"/>
  <testcase classname="Backend_TestCases.ManageDivision" name="addDivision" time="31.011"/>
  <testcase classname="Backend_TestCases.ManageDivision" name="openManageDivision" time="13.850"/>
</testsuite> <!-- Backend_TestCases.ManageDivision -->
