<?xml version="1.0" encoding="UTF-8"?>
<!-- Generated by org.testng.reporters.JUnitReportReporter -->
<testsuite hostname="FIPC-101" failures="0" tests="3" name="Backend_TestCases.ManageDivision" time="62.697" errors="0" timestamp="2023-10-04T18:36:50 IST" skipped="0">
  <testcase classname="Backend_TestCases.ManageDivision" name="validateManageDivision" time="18.828"/>
  <testcase classname="Backend_TestCases.ManageDivision" name="openManageDivision" time="14.535"/>
  <testcase classname="Backend_TestCases.ManageDivision" name="addDivision" time="29.334"/>
</testsuite> <!-- Backend_TestCases.ManageDivision -->
