<?xml version="1.0" encoding="UTF-8"?>
<!-- Generated by org.testng.reporters.JUnitReportReporter -->
<testsuite hostname="FIPC-101" failures="0" tests="2" name="Backend_TestCases.Login" time="48.218" errors="0" timestamp="2023-10-09T19:16:58 IST" skipped="0">
  <testcase classname="Backend_TestCases.Login" name="login" time="24.185"/>
  <testcase classname="Backend_TestCases.Login" name="selectCompany" time="24.033"/>
</testsuite> <!-- Backend_TestCases.Login -->
