<?xml version="1.0" encoding="UTF-8"?>
<!-- Generated by org.testng.reporters.JUnitReportReporter -->
<testsuite hostname="FIPC-101" failures="0" tests="2" name="Backend_TestCases.ManageTemplateMap" time="62.602" errors="0" timestamp="2023-10-10T17:42:50 IST" skipped="0">
  <testcase classname="Backend_TestCases.ManageTemplateMap" name="openManageTemplate" time="14.586"/>
  <testcase classname="Backend_TestCases.ManageTemplateMap" name="templateMapDivision" time="48.016"/>
</testsuite> <!-- Backend_TestCases.ManageTemplateMap -->
