<?xml version="1.0" encoding="UTF-8"?>
<!-- Generated by org.testng.reporters.JUnitReportReporter -->
<testsuite hostname="FIPC-101" failures="0" tests="3" name="Backend_TestCases.ManageTemplateMap" time="112.710" errors="0" timestamp="2023-10-12T16:05:10 IST" skipped="0">
  <testcase classname="Backend_TestCases.ManageTemplateMap" name="openManageTemplate" time="14.203"/>
  <testcase classname="Backend_TestCases.ManageTemplateMap" name="templateUnMapLinks" time="54.024"/>
  <testcase classname="Backend_TestCases.ManageTemplateMap" name="templateMapLinks" time="44.483"/>
</testsuite> <!-- Backend_TestCases.ManageTemplateMap -->
