<?xml version="1.0" encoding="UTF-8"?>
<!-- Generated by org.testng.reporters.JUnitReportReporter -->
<testsuite hostname="FIPC-101" failures="0" tests="3" name="Backend_TestCases.ManageDepartment" time="49.180" errors="0" timestamp="2023-10-12T19:44:56 IST" skipped="0">
  <testcase classname="Backend_TestCases.ManageDepartment" name="validateManageDepartment" time="2.343"/>
  <testcase classname="Backend_TestCases.ManageDepartment" name="addDepartment" time="32.890"/>
  <testcase classname="Backend_TestCases.ManageDepartment" name="openManageDepartment" time="13.947"/>
</testsuite> <!-- Backend_TestCases.ManageDepartment -->
