<?xml version="1.0" encoding="UTF-8"?>
<!-- Generated by org.testng.reporters.JUnitReportReporter -->
<testsuite hostname="FIPC-101" failures="0" tests="2" name="Backend_TestCases.Login" time="16.080" errors="0" timestamp="2023-09-28T16:43:49 IST" skipped="0">
  <testcase classname="Backend_TestCases.Login" name="login" time="8.080"/>
  <testcase classname="Backend_TestCases.Login" name="selectCompany" time="8.000"/>
</testsuite> <!-- Backend_TestCases.Login -->
