<?xml version="1.0" encoding="UTF-8"?>
<!-- Generated by org.testng.reporters.JUnitReportReporter -->
<testsuite hostname="FIPC-101" failures="0" tests="1" name="Backend_TestCases.OpenBackend" time="8.773" errors="0" timestamp="2023-10-07T17:20:53 IST" skipped="0">
  <testcase classname="Backend_TestCases.OpenBackend" name="openBackend" time="8.773"/>
</testsuite> <!-- Backend_TestCases.OpenBackend -->
