<?xml version="1.0" encoding="UTF-8"?>
<!-- Generated by org.testng.reporters.JUnitReportReporter -->
<testsuite hostname="FIPC-101" failures="0" tests="3" name="Backend_TestCases.Dashboard" time="63.019" errors="0" timestamp="2023-10-06T14:39:18 IST" skipped="0">
  <testcase classname="Backend_TestCases.Dashboard" name="dashboard" time="0.266"/>
  <testcase classname="Backend_TestCases.Dashboard" name="changeLanguage" time="17.917"/>
  <testcase classname="Backend_TestCases.Dashboard" name="validateDashboard" time="44.836"/>
</testsuite> <!-- Backend_TestCases.Dashboard -->
