<?xml version="1.0" encoding="UTF-8"?>
<!-- Generated by org.testng.reporters.JUnitReportReporter -->
<testsuite hostname="FIPC-101" failures="0" tests="2" name="Backend_TestCases.ManageCategory" time="18.629" errors="0" timestamp="2023-09-28T11:01:12 IST" skipped="0">
  <testcase classname="Backend_TestCases.ManageCategory" name="deleteCategory" time="5.693"/>
  <testcase classname="Backend_TestCases.ManageCategory" name="openManageCategory" time="12.936"/>
</testsuite> <!-- Backend_TestCases.ManageCategory -->
