<?xml version="1.0" encoding="UTF-8"?>
<!-- Generated by org.testng.reporters.JUnitReportReporter -->
<testsuite hostname="DESKTOP-2T4V8L2" failures="0" tests="2" name="Backend_TestCases.ManageCompany" time="78.282" errors="0" timestamp="2023-10-02T21:30:15 IST" skipped="0">
  <testcase classname="Backend_TestCases.ManageCompany" name="openManageCompany" time="16.272"/>
  <testcase classname="Backend_TestCases.ManageCompany" name="manageCompanyAddAboutUS" time="62.010"/>
</testsuite> <!-- Backend_TestCases.ManageCompany -->
