<?xml version="1.0" encoding="UTF-8"?>
<!-- Generated by org.testng.reporters.JUnitReportReporter -->
<testsuite hostname="FIPC-101" failures="0" tests="3" name="Backend_TestCases.ManageTemplateMap" time="86.698" errors="0" timestamp="2023-10-09T19:16:58 IST" skipped="0">
  <testcase classname="Backend_TestCases.ManageTemplateMap" name="openManageTemplate" time="13.974"/>
  <testcase classname="Backend_TestCases.ManageTemplateMap" name="validateManageTemplateMap" time="4.214"/>
  <testcase classname="Backend_TestCases.ManageTemplateMap" name="addtemplate" time="68.510"/>
</testsuite> <!-- Backend_TestCases.ManageTemplateMap -->
