<?xml version="1.0" encoding="UTF-8"?>
<!-- Generated by org.testng.reporters.JUnitReportReporter -->
<testsuite hostname="DESKTOP-2T4V8L2" failures="0" tests="2" name="Backend_TestCases.ManageLinks" time="55.186" errors="0" timestamp="2023-10-03T03:38:12 IST" skipped="0">
  <testcase classname="Backend_TestCases.ManageLinks" name="enableDisableLinks" time="39.449"/>
  <testcase classname="Backend_TestCases.ManageLinks" name="openManageLinks" time="15.737"/>
</testsuite> <!-- Backend_TestCases.ManageLinks -->
