<?xml version="1.0" encoding="UTF-8"?>
<!-- Generated by org.testng.reporters.JUnitReportReporter -->
<testsuite hostname="DESKTOP-2T4V8L2" failures="0" tests="2" name="Backend_TestCases.Login" time="50.080" errors="0" timestamp="2023-10-03T03:38:12 IST" skipped="0">
  <testcase classname="Backend_TestCases.Login" name="login" time="24.186"/>
  <testcase classname="Backend_TestCases.Login" name="selectCompany" time="25.894"/>
</testsuite> <!-- Backend_TestCases.Login -->
