<?xml version="1.0" encoding="UTF-8"?>
<!-- Generated by org.testng.reporters.JUnitReportReporter -->
<testsuite hostname="FILT111" failures="0" tests="2" name="Backend_TestCases.ManageCompany" time="45.497" errors="0" timestamp="2023-09-05T05:01:52 IST" skipped="0">
  <testcase classname="Backend_TestCases.ManageCompany" name="openManageCompany" time="8.420"/>
  <testcase classname="Backend_TestCases.ManageCompany" name="manageCompanyAddAboutUS" time="37.077"/>
</testsuite> <!-- Backend_TestCases.ManageCompany -->
