<?xml version="1.0" encoding="UTF-8"?>
<!-- Generated by org.testng.reporters.JUnitReportReporter -->
<testsuite hostname="DESKTOP-2T4V8L2" failures="0" tests="1" name="Backend_TestCases.OpenBackend" time="28.309" errors="0" timestamp="2023-10-09T06:12:18 IST" skipped="0">
  <testcase classname="Backend_TestCases.OpenBackend" name="openBackend" time="28.309"/>
</testsuite> <!-- Backend_TestCases.OpenBackend -->
