<?xml version="1.0" encoding="UTF-8"?>
<!-- Generated by org.testng.reporters.JUnitReportReporter -->
<testsuite hostname="FIPC-101" failures="0" tests="2" name="Backend_TestCases.Login" time="46.836" errors="0" timestamp="2023-10-07T17:20:53 IST" skipped="0">
  <testcase classname="Backend_TestCases.Login" name="login" time="21.024"/>
  <testcase classname="Backend_TestCases.Login" name="selectCompany" time="25.812"/>
</testsuite> <!-- Backend_TestCases.Login -->
