<?xml version="1.0" encoding="UTF-8"?>
<!-- Generated by org.testng.reporters.JUnitReportReporter -->
<testsuite hostname="FIPC-101" failures="0" tests="2" name="Backend_TestCases.ManageDivision" time="58.708" errors="0" timestamp="2023-10-12T14:53:04 IST" skipped="0">
  <testcase classname="Backend_TestCases.ManageDivision" name="openManageDivision" time="14.061"/>
  <testcase classname="Backend_TestCases.ManageDivision" name="mapLinks" time="44.647"/>
</testsuite> <!-- Backend_TestCases.ManageDivision -->
